c:\users\administrator\desktop\botdr-ing\x64\release\botdr.ipdb
c:\users\administrator\desktop\botdr-ing\x64\release\botdr.iobj
c:\users\administrator\desktop\botdr-ing\x64\release\botdr.pch
c:\users\administrator\desktop\botdr-ing\x64\release\vc142.pdb
c:\users\administrator\desktop\botdr-ing\x64\release\pch.obj
c:\users\administrator\desktop\botdr-ing\x64\release\chartscrollbar.obj
c:\users\administrator\desktop\botdr-ing\x64\release\chartpointsserie.obj
c:\users\administrator\desktop\botdr-ing\x64\release\chartlogarithmicaxis.obj
c:\users\administrator\desktop\botdr-ing\x64\release\chartlineserie.obj
c:\users\administrator\desktop\botdr-ing\x64\release\chartlegend.obj
c:\users\administrator\desktop\botdr-ing\x64\release\chartgrid.obj
c:\users\administrator\desktop\botdr-ing\x64\release\chartgradient.obj
c:\users\administrator\desktop\botdr-ing\x64\release\chartganttserie.obj
c:\users\administrator\desktop\botdr-ing\x64\release\chartfont.obj
c:\users\administrator\desktop\botdr-ing\x64\release\chartdraglinecursor.obj
c:\users\administrator\desktop\botdr-ing\x64\release\chartdatetimeaxis.obj
c:\users\administrator\desktop\botdr-ing\x64\release\chartcursor.obj
c:\users\administrator\desktop\botdr-ing\x64\release\chartctrl.obj
c:\users\administrator\desktop\botdr-ing\x64\release\chartcrosshaircursor.obj
c:\users\administrator\desktop\botdr-ing\x64\release\chartcandlestickserie.obj
c:\users\administrator\desktop\botdr-ing\x64\release\chartbarserie.obj
c:\users\administrator\desktop\botdr-ing\x64\release\chartaxislabel.obj
c:\users\administrator\desktop\botdr-ing\x64\release\chartaxis.obj
c:\users\administrator\desktop\botdr-ing\x64\release\botdrdlg.obj
c:\users\administrator\desktop\botdr-ing\x64\release\botdr.obj
c:\users\administrator\desktop\botdr-ing\x64\release\serial.obj
c:\users\administrator\desktop\botdr-ing\x64\release\qt_import.obj
c:\users\administrator\desktop\botdr-ing\x64\release\stdafx.obj
c:\users\administrator\desktop\botdr-ing\x64\release\chartxyserie.obj
c:\users\administrator\desktop\botdr-ing\x64\release\charttitle.obj
c:\users\administrator\desktop\botdr-ing\x64\release\chartsurfaceserie.obj
c:\users\administrator\desktop\botdr-ing\x64\release\chartstandardaxis.obj
c:\users\administrator\desktop\botdr-ing\x64\release\chartserie.obj
c:\users\administrator\desktop\botdr-ing\x64\release\botdr.exe
c:\users\administrator\desktop\botdr-ing\x64\release\botdr.pdb
c:\users\administrator\desktop\botdr-ing\x64\release\botdr.res
f:\botdr\jixiang\botdr-ing\x64\release\botdr.obj
f:\botdr\jixiang\botdr-ing\x64\release\botdrdlg.obj
f:\botdr\jixiang\botdr-ing\x64\release\chartaxis.obj
f:\botdr\jixiang\botdr-ing\x64\release\chartaxislabel.obj
f:\botdr\jixiang\botdr-ing\x64\release\chartbarserie.obj
f:\botdr\jixiang\botdr-ing\x64\release\chartcandlestickserie.obj
f:\botdr\jixiang\botdr-ing\x64\release\chartcrosshaircursor.obj
f:\botdr\jixiang\botdr-ing\x64\release\chartctrl.obj
f:\botdr\jixiang\botdr-ing\x64\release\chartcursor.obj
f:\botdr\jixiang\botdr-ing\x64\release\chartdatetimeaxis.obj
f:\botdr\jixiang\botdr-ing\x64\release\chartdraglinecursor.obj
f:\botdr\jixiang\botdr-ing\x64\release\chartfont.obj
f:\botdr\jixiang\botdr-ing\x64\release\chartganttserie.obj
f:\botdr\jixiang\botdr-ing\x64\release\chartgradient.obj
f:\botdr\jixiang\botdr-ing\x64\release\chartgrid.obj
f:\botdr\jixiang\botdr-ing\x64\release\chartlegend.obj
f:\botdr\jixiang\botdr-ing\x64\release\chartlineserie.obj
f:\botdr\jixiang\botdr-ing\x64\release\chartlogarithmicaxis.obj
f:\botdr\jixiang\botdr-ing\x64\release\chartpointsserie.obj
f:\botdr\jixiang\botdr-ing\x64\release\chartscrollbar.obj
f:\botdr\jixiang\botdr-ing\x64\release\chartserie.obj
f:\botdr\jixiang\botdr-ing\x64\release\chartstandardaxis.obj
f:\botdr\jixiang\botdr-ing\x64\release\chartsurfaceserie.obj
f:\botdr\jixiang\botdr-ing\x64\release\charttitle.obj
f:\botdr\jixiang\botdr-ing\x64\release\chartxyserie.obj
f:\botdr\jixiang\botdr-ing\x64\release\pch.obj
f:\botdr\jixiang\botdr-ing\x64\release\qt_import.obj
f:\botdr\jixiang\botdr-ing\x64\release\serial.obj
f:\botdr\jixiang\botdr-ing\x64\release\stdafx.obj
f:\botdr\jixiang\botdr-ing\x64\release\botdr.ipdb
f:\botdr\jixiang\botdr-ing\x64\release\botdr.iobj
f:\botdr\jixiang\botdr-ing\x64\release\botdr.res
f:\botdr\jixiang\botdr-ing\x64\release\botdr.pch
f:\botdr\jixiang\botdr-ing\x64\release\botdr.pdb
f:\botdr\jixiang\botdr-ing\x64\release\vc142.pdb
f:\botdr\jixiang\botdr-ing\x64\release\botdr.exe
f:\botdr\jixiang\botdr-ing\x64\release\botdr.tlog\botdr.write.1u.tlog
f:\botdr\jixiang\botdr-ing\x64\release\botdr.tlog\cl.command.1.tlog
f:\botdr\jixiang\botdr-ing\x64\release\botdr.tlog\cl.read.1.tlog
f:\botdr\jixiang\botdr-ing\x64\release\botdr.tlog\cl.write.1.tlog
f:\botdr\jixiang\botdr-ing\x64\release\botdr.tlog\link.command.1.tlog
f:\botdr\jixiang\botdr-ing\x64\release\botdr.tlog\link.read.1.tlog
f:\botdr\jixiang\botdr-ing\x64\release\botdr.tlog\link.write.1.tlog
f:\botdr\jixiang\botdr-ing\x64\release\botdr.tlog\rc.command.1.tlog
f:\botdr\jixiang\botdr-ing\x64\release\botdr.tlog\rc.read.1.tlog
f:\botdr\jixiang\botdr-ing\x64\release\botdr.tlog\rc.write.1.tlog
